<?xml version="1.0" encoding="UTF-8" ?>
<testsuite tests="3" failures="0" name="com.sg.vendingmachine.service.VendingMachineServiceLayerImplTest" time="0.888" errors="0" skipped="0">
  <properties>
[...]
</properties>
  <testcase classname="com.sg.vendingmachine.service.VendingMachineServiceLayerImplTest" name="testBuyingItem" time="0.736"/>
  <testcase classname="com.sg.vendingmachine.service.VendingMachineServiceLayerImplTest" name="testBuyingInsufficientErrors" time="0.062"/>
  <testcase classname="com.sg.vendingmachine.service.VendingMachineServiceLayerImplTest" name="testBuyingNoStockErrors" time="0.09"/>
</testsuite>